2022-04-15 15:39:37.869  INFO 201668 --- [restartedMain] c.e.t.TimViecLamOnline1Application       : Starting TimViecLamOnline1Application using Java 18 on son-Samsung-DeskTop-System with PID 201668 (/home/son/IdeaProjects/TimViecLamOnline1/build/classes/java/main started by son in /home/son/IdeaProjects/TimViecLamOnline1)
2022-04-15 15:39:37.869  INFO 201668 --- [restartedMain] c.e.t.TimViecLamOnline1Application       : No active profile set, falling back to 1 default profile: "default"
2022-04-15 15:39:37.894  INFO 201668 --- [restartedMain] .e.DevToolsPropertyDefaultsPostProcessor : Devtools property defaults active! Set 'spring.devtools.add-properties' to 'false' to disable
2022-04-15 15:39:37.894  INFO 201668 --- [restartedMain] .e.DevToolsPropertyDefaultsPostProcessor : For additional web related logging consider setting the 'logging.level.web' property to 'DEBUG'
2022-04-15 15:39:38.205  INFO 201668 --- [restartedMain] .s.d.r.c.RepositoryConfigurationDelegate : Bootstrapping Spring Data JPA repositories in DEFAULT mode.
2022-04-15 15:39:38.213  INFO 201668 --- [restartedMain] .s.d.r.c.RepositoryConfigurationDelegate : Finished Spring Data repository scanning in 3 ms. Found 0 JPA repository interfaces.
2022-04-15 15:39:38.373  INFO 201668 --- [restartedMain] trationDelegate$BeanPostProcessorChecker : Bean 'org.springframework.ws.config.annotation.DelegatingWsConfiguration' of type [org.springframework.ws.config.annotation.DelegatingWsConfiguration$$EnhancerBySpringCGLIB$$eb10de13] is not eligible for getting processed by all BeanPostProcessors (for example: not eligible for auto-proxying)
2022-04-15 15:39:38.396  INFO 201668 --- [restartedMain] .w.s.a.s.AnnotationActionEndpointMapping : Supporting [WS-Addressing August 2004, WS-Addressing 1.0]
2022-04-15 15:39:38.537  INFO 201668 --- [restartedMain] o.s.b.w.embedded.tomcat.TomcatWebServer  : Tomcat initialized with port(s): 9090 (http)
2022-04-15 15:39:38.541  INFO 201668 --- [restartedMain] o.apache.catalina.core.StandardService   : Starting service [Tomcat]
2022-04-15 15:39:38.541  INFO 201668 --- [restartedMain] org.apache.catalina.core.StandardEngine  : Starting Servlet engine: [Apache Tomcat/9.0.60]
2022-04-15 15:39:38.570  INFO 201668 --- [restartedMain] o.a.c.c.C.[Tomcat].[localhost].[/]       : Initializing Spring embedded WebApplicationContext
2022-04-15 15:39:38.570  INFO 201668 --- [restartedMain] w.s.c.ServletWebServerApplicationContext : Root WebApplicationContext: initialization completed in 676 ms
2022-04-15 15:39:38.674  INFO 201668 --- [restartedMain] o.hibernate.jpa.internal.util.LogHelper  : HHH000204: Processing PersistenceUnitInfo [name: default]
2022-04-15 15:39:38.704  INFO 201668 --- [restartedMain] org.hibernate.Version                    : HHH000412: Hibernate ORM core version 5.6.7.Final
2022-04-15 15:39:38.798  INFO 201668 --- [restartedMain] o.hibernate.annotations.common.Version   : HCANN000001: Hibernate Commons Annotations {5.1.2.Final}
2022-04-15 15:39:38.842  INFO 201668 --- [restartedMain] com.zaxxer.hikari.HikariDataSource       : HikariPool-1 - Starting...
2022-04-15 15:39:42.061  INFO 201668 --- [restartedMain] com.zaxxer.hikari.HikariDataSource       : HikariPool-1 - Start completed.
2022-04-15 15:39:42.070  INFO 201668 --- [restartedMain] org.hibernate.dialect.Dialect            : HHH000400: Using dialect: org.hibernate.dialect.PostgreSQLDialect
2022-04-15 15:39:43.767  INFO 201668 --- [restartedMain] o.h.e.t.j.p.i.JtaPlatformInitiator       : HHH000490: Using JtaPlatform implementation: [org.hibernate.engine.transaction.jta.platform.internal.NoJtaPlatform]
2022-04-15 15:39:43.785  INFO 201668 --- [restartedMain] j.LocalContainerEntityManagerFactoryBean : Initialized JPA EntityManagerFactory for persistence unit 'default'
2022-04-15 15:39:43.831  WARN 201668 --- [restartedMain] JpaBaseConfiguration$JpaWebConfiguration : spring.jpa.open-in-view is enabled by default. Therefore, database queries may be performed during view rendering. Explicitly configure spring.jpa.open-in-view to disable this warning
2022-04-15 15:39:43.996  WARN 201668 --- [restartedMain] .s.s.UserDetailsServiceAutoConfiguration : 

Using generated security password: d53c5319-52e4-42fd-9781-87bdc197d587

This generated password is for development use only. Your security configuration must be updated before running your application in production.

2022-04-15 15:39:44.047  INFO 201668 --- [restartedMain] o.s.s.web.DefaultSecurityFilterChain     : Will not secure any request
2022-04-15 15:39:44.082  WARN 201668 --- [restartedMain] o.s.b.d.a.OptionalLiveReloadServer       : Unable to start LiveReload server
2022-04-15 15:39:44.096  WARN 201668 --- [restartedMain] ConfigServletWebServerApplicationContext : Exception encountered during context initialization - cancelling refresh attempt: org.springframework.context.ApplicationContextException: Failed to start bean 'webServerStartStop'; nested exception is org.springframework.boot.web.server.PortInUseException: Port 9090 is already in use
2022-04-15 15:39:44.098  INFO 201668 --- [restartedMain] j.LocalContainerEntityManagerFactoryBean : Closing JPA EntityManagerFactory for persistence unit 'default'
2022-04-15 15:39:44.100  INFO 201668 --- [restartedMain] com.zaxxer.hikari.HikariDataSource       : HikariPool-1 - Shutdown initiated...
2022-04-15 15:39:47.507  INFO 201668 --- [restartedMain] com.zaxxer.hikari.HikariDataSource       : HikariPool-1 - Shutdown completed.
2022-04-15 15:39:47.508  INFO 201668 --- [restartedMain] o.apache.catalina.core.StandardService   : Stopping service [Tomcat]
2022-04-15 15:39:47.516  INFO 201668 --- [restartedMain] ConditionEvaluationReportLoggingListener : 

Error starting ApplicationContext. To display the conditions report re-run your application with 'debug' enabled.
2022-04-15 15:39:47.570 ERROR 201668 --- [restartedMain] o.s.b.d.LoggingFailureAnalysisReporter   : 

***************************
APPLICATION FAILED TO START
***************************

Description:

Web server failed to start. Port 9090 was already in use.

Action:

Identify and stop the process that's listening on port 9090 or configure this application to listen on another port.

2022-04-15 15:40:19.608  INFO 201980 --- [restartedMain] c.e.t.TimViecLamOnline1Application       : Starting TimViecLamOnline1Application using Java 18 on son-Samsung-DeskTop-System with PID 201980 (/home/son/IdeaProjects/TimViecLamOnline1/build/classes/java/main started by son in /home/son/IdeaProjects/TimViecLamOnline1)
2022-04-15 15:40:19.609  INFO 201980 --- [restartedMain] c.e.t.TimViecLamOnline1Application       : No active profile set, falling back to 1 default profile: "default"
2022-04-15 15:40:19.633  INFO 201980 --- [restartedMain] .e.DevToolsPropertyDefaultsPostProcessor : Devtools property defaults active! Set 'spring.devtools.add-properties' to 'false' to disable
2022-04-15 15:40:19.634  INFO 201980 --- [restartedMain] .e.DevToolsPropertyDefaultsPostProcessor : For additional web related logging consider setting the 'logging.level.web' property to 'DEBUG'
2022-04-15 15:40:19.917  INFO 201980 --- [restartedMain] .s.d.r.c.RepositoryConfigurationDelegate : Bootstrapping Spring Data JPA repositories in DEFAULT mode.
2022-04-15 15:40:19.924  INFO 201980 --- [restartedMain] .s.d.r.c.RepositoryConfigurationDelegate : Finished Spring Data repository scanning in 3 ms. Found 0 JPA repository interfaces.
2022-04-15 15:40:20.074  INFO 201980 --- [restartedMain] trationDelegate$BeanPostProcessorChecker : Bean 'org.springframework.ws.config.annotation.DelegatingWsConfiguration' of type [org.springframework.ws.config.annotation.DelegatingWsConfiguration$$EnhancerBySpringCGLIB$$e2885c9] is not eligible for getting processed by all BeanPostProcessors (for example: not eligible for auto-proxying)
2022-04-15 15:40:20.101  INFO 201980 --- [restartedMain] .w.s.a.s.AnnotationActionEndpointMapping : Supporting [WS-Addressing August 2004, WS-Addressing 1.0]
2022-04-15 15:40:20.233  INFO 201980 --- [restartedMain] o.s.b.w.embedded.tomcat.TomcatWebServer  : Tomcat initialized with port(s): 8080 (http)
2022-04-15 15:40:20.237  INFO 201980 --- [restartedMain] o.apache.catalina.core.StandardService   : Starting service [Tomcat]
2022-04-15 15:40:20.238  INFO 201980 --- [restartedMain] org.apache.catalina.core.StandardEngine  : Starting Servlet engine: [Apache Tomcat/9.0.60]
2022-04-15 15:40:20.270  INFO 201980 --- [restartedMain] o.a.c.c.C.[Tomcat].[localhost].[/]       : Initializing Spring embedded WebApplicationContext
2022-04-15 15:40:20.270  INFO 201980 --- [restartedMain] w.s.c.ServletWebServerApplicationContext : Root WebApplicationContext: initialization completed in 636 ms
2022-04-15 15:40:20.354  INFO 201980 --- [restartedMain] o.hibernate.jpa.internal.util.LogHelper  : HHH000204: Processing PersistenceUnitInfo [name: default]
2022-04-15 15:40:20.371  INFO 201980 --- [restartedMain] org.hibernate.Version                    : HHH000412: Hibernate ORM core version 5.6.7.Final
2022-04-15 15:40:20.421  INFO 201980 --- [restartedMain] o.hibernate.annotations.common.Version   : HCANN000001: Hibernate Commons Annotations {5.1.2.Final}
2022-04-15 15:40:20.459  INFO 201980 --- [restartedMain] com.zaxxer.hikari.HikariDataSource       : HikariPool-1 - Starting...
2022-04-15 15:40:27.244  INFO 201980 --- [restartedMain] com.zaxxer.hikari.HikariDataSource       : HikariPool-1 - Start completed.
2022-04-15 15:40:27.250  INFO 201980 --- [restartedMain] org.hibernate.dialect.Dialect            : HHH000400: Using dialect: org.hibernate.dialect.PostgreSQLDialect
2022-04-15 15:40:29.933  INFO 201980 --- [restartedMain] o.h.e.t.j.p.i.JtaPlatformInitiator       : HHH000490: Using JtaPlatform implementation: [org.hibernate.engine.transaction.jta.platform.internal.NoJtaPlatform]
2022-04-15 15:40:29.937  INFO 201980 --- [restartedMain] j.LocalContainerEntityManagerFactoryBean : Initialized JPA EntityManagerFactory for persistence unit 'default'
2022-04-15 15:40:29.967  WARN 201980 --- [restartedMain] JpaBaseConfiguration$JpaWebConfiguration : spring.jpa.open-in-view is enabled by default. Therefore, database queries may be performed during view rendering. Explicitly configure spring.jpa.open-in-view to disable this warning
2022-04-15 15:40:30.153  WARN 201980 --- [restartedMain] .s.s.UserDetailsServiceAutoConfiguration : 

Using generated security password: 6ca4b4de-c04e-44af-b1b0-a3e5ed9e4e5e

This generated password is for development use only. Your security configuration must be updated before running your application in production.

2022-04-15 15:40:30.214  INFO 201980 --- [restartedMain] o.s.s.web.DefaultSecurityFilterChain     : Will not secure any request
2022-04-15 15:40:30.260  WARN 201980 --- [restartedMain] o.s.b.d.a.OptionalLiveReloadServer       : Unable to start LiveReload server
2022-04-15 15:40:30.276  WARN 201980 --- [restartedMain] ConfigServletWebServerApplicationContext : Exception encountered during context initialization - cancelling refresh attempt: org.springframework.context.ApplicationContextException: Failed to start bean 'webServerStartStop'; nested exception is org.springframework.boot.web.server.PortInUseException: Port 8080 is already in use
2022-04-15 15:40:30.278  INFO 201980 --- [restartedMain] j.LocalContainerEntityManagerFactoryBean : Closing JPA EntityManagerFactory for persistence unit 'default'
2022-04-15 15:40:30.280  INFO 201980 --- [restartedMain] com.zaxxer.hikari.HikariDataSource       : HikariPool-1 - Shutdown initiated...
2022-04-15 15:40:36.452  INFO 201980 --- [restartedMain] com.zaxxer.hikari.HikariDataSource       : HikariPool-1 - Shutdown completed.
2022-04-15 15:40:36.457  INFO 201980 --- [restartedMain] o.apache.catalina.core.StandardService   : Stopping service [Tomcat]
2022-04-15 15:40:36.475  INFO 201980 --- [restartedMain] ConditionEvaluationReportLoggingListener : 

Error starting ApplicationContext. To display the conditions report re-run your application with 'debug' enabled.
2022-04-15 15:40:36.484 ERROR 201980 --- [restartedMain] o.s.b.d.LoggingFailureAnalysisReporter   : 

***************************
APPLICATION FAILED TO START
***************************

Description:

Web server failed to start. Port 8080 was already in use.

Action:

Identify and stop the process that's listening on port 8080 or configure this application to listen on another port.

2022-04-15 15:40:43.476  INFO 202255 --- [restartedMain] c.e.t.TimViecLamOnline1Application       : Starting TimViecLamOnline1Application using Java 18 on son-Samsung-DeskTop-System with PID 202255 (/home/son/IdeaProjects/TimViecLamOnline1/build/classes/java/main started by son in /home/son/IdeaProjects/TimViecLamOnline1)
2022-04-15 15:40:43.478  INFO 202255 --- [restartedMain] c.e.t.TimViecLamOnline1Application       : No active profile set, falling back to 1 default profile: "default"
2022-04-15 15:40:43.502  INFO 202255 --- [restartedMain] .e.DevToolsPropertyDefaultsPostProcessor : Devtools property defaults active! Set 'spring.devtools.add-properties' to 'false' to disable
2022-04-15 15:40:43.503  INFO 202255 --- [restartedMain] .e.DevToolsPropertyDefaultsPostProcessor : For additional web related logging consider setting the 'logging.level.web' property to 'DEBUG'
2022-04-15 15:40:43.787  INFO 202255 --- [restartedMain] .s.d.r.c.RepositoryConfigurationDelegate : Bootstrapping Spring Data JPA repositories in DEFAULT mode.
2022-04-15 15:40:43.794  INFO 202255 --- [restartedMain] .s.d.r.c.RepositoryConfigurationDelegate : Finished Spring Data repository scanning in 3 ms. Found 0 JPA repository interfaces.
2022-04-15 15:40:43.957  INFO 202255 --- [restartedMain] trationDelegate$BeanPostProcessorChecker : Bean 'org.springframework.ws.config.annotation.DelegatingWsConfiguration' of type [org.springframework.ws.config.annotation.DelegatingWsConfiguration$$EnhancerBySpringCGLIB$$edb7fc90] is not eligible for getting processed by all BeanPostProcessors (for example: not eligible for auto-proxying)
2022-04-15 15:40:43.981  INFO 202255 --- [restartedMain] .w.s.a.s.AnnotationActionEndpointMapping : Supporting [WS-Addressing August 2004, WS-Addressing 1.0]
2022-04-15 15:40:44.124  INFO 202255 --- [restartedMain] o.s.b.w.embedded.tomcat.TomcatWebServer  : Tomcat initialized with port(s): 8081 (http)
2022-04-15 15:40:44.129  INFO 202255 --- [restartedMain] o.apache.catalina.core.StandardService   : Starting service [Tomcat]
2022-04-15 15:40:44.129  INFO 202255 --- [restartedMain] org.apache.catalina.core.StandardEngine  : Starting Servlet engine: [Apache Tomcat/9.0.60]
2022-04-15 15:40:44.158  INFO 202255 --- [restartedMain] o.a.c.c.C.[Tomcat].[localhost].[/]       : Initializing Spring embedded WebApplicationContext
2022-04-15 15:40:44.158  INFO 202255 --- [restartedMain] w.s.c.ServletWebServerApplicationContext : Root WebApplicationContext: initialization completed in 655 ms
2022-04-15 15:40:44.234  INFO 202255 --- [restartedMain] o.hibernate.jpa.internal.util.LogHelper  : HHH000204: Processing PersistenceUnitInfo [name: default]
2022-04-15 15:40:44.251  INFO 202255 --- [restartedMain] org.hibernate.Version                    : HHH000412: Hibernate ORM core version 5.6.7.Final
2022-04-15 15:40:44.299  INFO 202255 --- [restartedMain] o.hibernate.annotations.common.Version   : HCANN000001: Hibernate Commons Annotations {5.1.2.Final}
2022-04-15 15:40:44.334  INFO 202255 --- [restartedMain] com.zaxxer.hikari.HikariDataSource       : HikariPool-1 - Starting...
2022-04-15 15:40:47.543  INFO 202255 --- [restartedMain] com.zaxxer.hikari.HikariDataSource       : HikariPool-1 - Start completed.
2022-04-15 15:40:47.564  INFO 202255 --- [restartedMain] org.hibernate.dialect.Dialect            : HHH000400: Using dialect: org.hibernate.dialect.PostgreSQLDialect
2022-04-15 15:40:49.513  INFO 202255 --- [restartedMain] o.h.e.t.j.p.i.JtaPlatformInitiator       : HHH000490: Using JtaPlatform implementation: [org.hibernate.engine.transaction.jta.platform.internal.NoJtaPlatform]
2022-04-15 15:40:49.517  INFO 202255 --- [restartedMain] j.LocalContainerEntityManagerFactoryBean : Initialized JPA EntityManagerFactory for persistence unit 'default'
2022-04-15 15:40:49.545  WARN 202255 --- [restartedMain] JpaBaseConfiguration$JpaWebConfiguration : spring.jpa.open-in-view is enabled by default. Therefore, database queries may be performed during view rendering. Explicitly configure spring.jpa.open-in-view to disable this warning
2022-04-15 15:40:49.700  WARN 202255 --- [restartedMain] .s.s.UserDetailsServiceAutoConfiguration : 

Using generated security password: 3f54db7f-ec67-4be8-9c91-92c37e23daf2

This generated password is for development use only. Your security configuration must be updated before running your application in production.

2022-04-15 15:40:49.750  INFO 202255 --- [restartedMain] o.s.s.web.DefaultSecurityFilterChain     : Will not secure any request
2022-04-15 15:40:49.790  WARN 202255 --- [restartedMain] o.s.b.d.a.OptionalLiveReloadServer       : Unable to start LiveReload server
2022-04-15 15:40:49.812  INFO 202255 --- [restartedMain] o.s.b.w.embedded.tomcat.TomcatWebServer  : Tomcat started on port(s): 8081 (http) with context path ''
2022-04-15 15:40:49.819  INFO 202255 --- [restartedMain] c.e.t.TimViecLamOnline1Application       : Started TimViecLamOnline1Application in 6.518 seconds (JVM running for 6.827)
2022-04-15 15:42:14.264  INFO 202255 --- [SpringApplicationShutdownHook] j.LocalContainerEntityManagerFactoryBean : Closing JPA EntityManagerFactory for persistence unit 'default'
2022-04-15 15:42:14.265  INFO 202255 --- [SpringApplicationShutdownHook] com.zaxxer.hikari.HikariDataSource       : HikariPool-1 - Shutdown initiated...
2022-04-15 15:42:17.856  INFO 202255 --- [SpringApplicationShutdownHook] com.zaxxer.hikari.HikariDataSource       : HikariPool-1 - Shutdown completed.
2022-04-15 15:42:23.711  INFO 202625 --- [restartedMain] c.e.t.TimViecLamOnline1Application       : Starting TimViecLamOnline1Application using Java 18 on son-Samsung-DeskTop-System with PID 202625 (/home/son/IdeaProjects/TimViecLamOnline1/build/classes/java/main started by son in /home/son/IdeaProjects/TimViecLamOnline1)
2022-04-15 15:42:23.712  INFO 202625 --- [restartedMain] c.e.t.TimViecLamOnline1Application       : No active profile set, falling back to 1 default profile: "default"
2022-04-15 15:42:23.737  INFO 202625 --- [restartedMain] .e.DevToolsPropertyDefaultsPostProcessor : Devtools property defaults active! Set 'spring.devtools.add-properties' to 'false' to disable
2022-04-15 15:42:23.737  INFO 202625 --- [restartedMain] .e.DevToolsPropertyDefaultsPostProcessor : For additional web related logging consider setting the 'logging.level.web' property to 'DEBUG'
2022-04-15 15:42:24.019  INFO 202625 --- [restartedMain] .s.d.r.c.RepositoryConfigurationDelegate : Bootstrapping Spring Data JPA repositories in DEFAULT mode.
2022-04-15 15:42:24.026  INFO 202625 --- [restartedMain] .s.d.r.c.RepositoryConfigurationDelegate : Finished Spring Data repository scanning in 2 ms. Found 0 JPA repository interfaces.
2022-04-15 15:42:24.180  INFO 202625 --- [restartedMain] trationDelegate$BeanPostProcessorChecker : Bean 'org.springframework.ws.config.annotation.DelegatingWsConfiguration' of type [org.springframework.ws.config.annotation.DelegatingWsConfiguration$$EnhancerBySpringCGLIB$$68410c8f] is not eligible for getting processed by all BeanPostProcessors (for example: not eligible for auto-proxying)
2022-04-15 15:42:24.202  INFO 202625 --- [restartedMain] .w.s.a.s.AnnotationActionEndpointMapping : Supporting [WS-Addressing August 2004, WS-Addressing 1.0]
2022-04-15 15:42:24.348  INFO 202625 --- [restartedMain] o.s.b.w.embedded.tomcat.TomcatWebServer  : Tomcat initialized with port(s): 8081 (http)
2022-04-15 15:42:24.352  INFO 202625 --- [restartedMain] o.apache.catalina.core.StandardService   : Starting service [Tomcat]
2022-04-15 15:42:24.352  INFO 202625 --- [restartedMain] org.apache.catalina.core.StandardEngine  : Starting Servlet engine: [Apache Tomcat/9.0.60]
2022-04-15 15:42:24.381  INFO 202625 --- [restartedMain] o.a.c.c.C.[Tomcat].[localhost].[/]       : Initializing Spring embedded WebApplicationContext
2022-04-15 15:42:24.382  INFO 202625 --- [restartedMain] w.s.c.ServletWebServerApplicationContext : Root WebApplicationContext: initialization completed in 645 ms
2022-04-15 15:42:24.466  INFO 202625 --- [restartedMain] o.hibernate.jpa.internal.util.LogHelper  : HHH000204: Processing PersistenceUnitInfo [name: default]
2022-04-15 15:42:24.484  INFO 202625 --- [restartedMain] org.hibernate.Version                    : HHH000412: Hibernate ORM core version 5.6.7.Final
2022-04-15 15:42:24.534  INFO 202625 --- [restartedMain] o.hibernate.annotations.common.Version   : HCANN000001: Hibernate Commons Annotations {5.1.2.Final}
2022-04-15 15:42:24.572  INFO 202625 --- [restartedMain] com.zaxxer.hikari.HikariDataSource       : HikariPool-1 - Starting...
2022-04-15 15:42:27.602  INFO 202625 --- [restartedMain] com.zaxxer.hikari.HikariDataSource       : HikariPool-1 - Start completed.
2022-04-15 15:42:27.625  INFO 202625 --- [restartedMain] org.hibernate.dialect.Dialect            : HHH000400: Using dialect: org.hibernate.dialect.PostgreSQLDialect
2022-04-15 15:42:29.370  INFO 202625 --- [restartedMain] o.h.e.t.j.p.i.JtaPlatformInitiator       : HHH000490: Using JtaPlatform implementation: [org.hibernate.engine.transaction.jta.platform.internal.NoJtaPlatform]
2022-04-15 15:42:29.374  INFO 202625 --- [restartedMain] j.LocalContainerEntityManagerFactoryBean : Initialized JPA EntityManagerFactory for persistence unit 'default'
2022-04-15 15:42:29.407  WARN 202625 --- [restartedMain] JpaBaseConfiguration$JpaWebConfiguration : spring.jpa.open-in-view is enabled by default. Therefore, database queries may be performed during view rendering. Explicitly configure spring.jpa.open-in-view to disable this warning
2022-04-15 15:42:29.565  WARN 202625 --- [restartedMain] .s.s.UserDetailsServiceAutoConfiguration : 

Using generated security password: cda47039-0faa-4926-a3dc-6afd7a7b8574

This generated password is for development use only. Your security configuration must be updated before running your application in production.

2022-04-15 15:42:29.615  INFO 202625 --- [restartedMain] o.s.s.web.DefaultSecurityFilterChain     : Will not secure any request
2022-04-15 15:42:29.657  WARN 202625 --- [restartedMain] o.s.b.d.a.OptionalLiveReloadServer       : Unable to start LiveReload server
2022-04-15 15:42:29.675  INFO 202625 --- [restartedMain] o.s.b.w.embedded.tomcat.TomcatWebServer  : Tomcat started on port(s): 8081 (http) with context path ''
2022-04-15 15:42:29.682  INFO 202625 --- [restartedMain] c.e.t.TimViecLamOnline1Application       : Started TimViecLamOnline1Application in 6.148 seconds (JVM running for 6.443)
2022-04-15 15:43:19.530  INFO 202625 --- [http-nio-8081-exec-2] o.a.c.c.C.[Tomcat].[localhost].[/]       : Initializing Spring DispatcherServlet 'dispatcherServlet'
2022-04-15 15:43:19.530  INFO 202625 --- [http-nio-8081-exec-2] o.s.web.servlet.DispatcherServlet        : Initializing Servlet 'dispatcherServlet'
2022-04-15 15:43:19.531  INFO 202625 --- [http-nio-8081-exec-2] o.s.web.servlet.DispatcherServlet        : Completed initialization in 1 ms
2022-04-15 15:45:00.099  INFO 202625 --- [SpringApplicationShutdownHook] j.LocalContainerEntityManagerFactoryBean : Closing JPA EntityManagerFactory for persistence unit 'default'
2022-04-15 15:45:00.100  INFO 202625 --- [SpringApplicationShutdownHook] com.zaxxer.hikari.HikariDataSource       : HikariPool-1 - Shutdown initiated...
2022-04-15 15:45:03.521  INFO 202625 --- [SpringApplicationShutdownHook] com.zaxxer.hikari.HikariDataSource       : HikariPool-1 - Shutdown completed.
2022-04-15 15:45:05.369  INFO 203061 --- [restartedMain] c.e.t.TimViecLamOnline1Application       : Starting TimViecLamOnline1Application using Java 18 on son-Samsung-DeskTop-System with PID 203061 (/home/son/IdeaProjects/TimViecLamOnline1/build/classes/java/main started by son in /home/son/IdeaProjects/TimViecLamOnline1)
2022-04-15 15:45:05.370  INFO 203061 --- [restartedMain] c.e.t.TimViecLamOnline1Application       : No active profile set, falling back to 1 default profile: "default"
2022-04-15 15:45:05.395  INFO 203061 --- [restartedMain] .e.DevToolsPropertyDefaultsPostProcessor : Devtools property defaults active! Set 'spring.devtools.add-properties' to 'false' to disable
2022-04-15 15:45:05.395  INFO 203061 --- [restartedMain] .e.DevToolsPropertyDefaultsPostProcessor : For additional web related logging consider setting the 'logging.level.web' property to 'DEBUG'
2022-04-15 15:45:05.692  INFO 203061 --- [restartedMain] .s.d.r.c.RepositoryConfigurationDelegate : Bootstrapping Spring Data JPA repositories in DEFAULT mode.
2022-04-15 15:45:05.699  INFO 203061 --- [restartedMain] .s.d.r.c.RepositoryConfigurationDelegate : Finished Spring Data repository scanning in 2 ms. Found 0 JPA repository interfaces.
2022-04-15 15:45:05.860  INFO 203061 --- [restartedMain] trationDelegate$BeanPostProcessorChecker : Bean 'org.springframework.ws.config.annotation.DelegatingWsConfiguration' of type [org.springframework.ws.config.annotation.DelegatingWsConfiguration$$EnhancerBySpringCGLIB$$2e362eb7] is not eligible for getting processed by all BeanPostProcessors (for example: not eligible for auto-proxying)
2022-04-15 15:45:05.882  INFO 203061 --- [restartedMain] .w.s.a.s.AnnotationActionEndpointMapping : Supporting [WS-Addressing August 2004, WS-Addressing 1.0]
2022-04-15 15:45:06.019  INFO 203061 --- [restartedMain] o.s.b.w.embedded.tomcat.TomcatWebServer  : Tomcat initialized with port(s): 8081 (http)
2022-04-15 15:45:06.024  INFO 203061 --- [restartedMain] o.apache.catalina.core.StandardService   : Starting service [Tomcat]
2022-04-15 15:45:06.024  INFO 203061 --- [restartedMain] org.apache.catalina.core.StandardEngine  : Starting Servlet engine: [Apache Tomcat/9.0.60]
2022-04-15 15:45:06.053  INFO 203061 --- [restartedMain] o.a.c.c.C.[Tomcat].[localhost].[/]       : Initializing Spring embedded WebApplicationContext
2022-04-15 15:45:06.053  INFO 203061 --- [restartedMain] w.s.c.ServletWebServerApplicationContext : Root WebApplicationContext: initialization completed in 657 ms
2022-04-15 15:45:06.139  INFO 203061 --- [restartedMain] o.hibernate.jpa.internal.util.LogHelper  : HHH000204: Processing PersistenceUnitInfo [name: default]
2022-04-15 15:45:06.156  INFO 203061 --- [restartedMain] org.hibernate.Version                    : HHH000412: Hibernate ORM core version 5.6.7.Final
2022-04-15 15:45:06.204  INFO 203061 --- [restartedMain] o.hibernate.annotations.common.Version   : HCANN000001: Hibernate Commons Annotations {5.1.2.Final}
2022-04-15 15:45:06.241  INFO 203061 --- [restartedMain] com.zaxxer.hikari.HikariDataSource       : HikariPool-1 - Starting...
2022-04-15 15:45:09.454  INFO 203061 --- [restartedMain] com.zaxxer.hikari.HikariDataSource       : HikariPool-1 - Start completed.
2022-04-15 15:45:09.461  INFO 203061 --- [restartedMain] org.hibernate.dialect.Dialect            : HHH000400: Using dialect: org.hibernate.dialect.PostgreSQLDialect
2022-04-15 15:45:11.293  INFO 203061 --- [restartedMain] o.h.e.t.j.p.i.JtaPlatformInitiator       : HHH000490: Using JtaPlatform implementation: [org.hibernate.engine.transaction.jta.platform.internal.NoJtaPlatform]
2022-04-15 15:45:11.311  INFO 203061 --- [restartedMain] j.LocalContainerEntityManagerFactoryBean : Initialized JPA EntityManagerFactory for persistence unit 'default'
2022-04-15 15:45:11.354  WARN 203061 --- [restartedMain] JpaBaseConfiguration$JpaWebConfiguration : spring.jpa.open-in-view is enabled by default. Therefore, database queries may be performed during view rendering. Explicitly configure spring.jpa.open-in-view to disable this warning
2022-04-15 15:45:11.511  WARN 203061 --- [restartedMain] .s.s.UserDetailsServiceAutoConfiguration : 

Using generated security password: 63fc207c-cedd-4d6f-b151-d5484ce95431

This generated password is for development use only. Your security configuration must be updated before running your application in production.

2022-04-15 15:45:11.557  INFO 203061 --- [restartedMain] o.s.s.web.DefaultSecurityFilterChain     : Will not secure any request
2022-04-15 15:45:11.593  WARN 203061 --- [restartedMain] o.s.b.d.a.OptionalLiveReloadServer       : Unable to start LiveReload server
2022-04-15 15:45:11.609  INFO 203061 --- [restartedMain] o.s.b.w.embedded.tomcat.TomcatWebServer  : Tomcat started on port(s): 8081 (http) with context path ''
2022-04-15 15:45:11.616  INFO 203061 --- [restartedMain] c.e.t.TimViecLamOnline1Application       : Started TimViecLamOnline1Application in 6.423 seconds (JVM running for 6.735)
2022-04-15 15:45:16.124  INFO 203061 --- [http-nio-8081-exec-2] o.a.c.c.C.[Tomcat].[localhost].[/]       : Initializing Spring DispatcherServlet 'dispatcherServlet'
2022-04-15 15:45:16.124  INFO 203061 --- [http-nio-8081-exec-2] o.s.web.servlet.DispatcherServlet        : Initializing Servlet 'dispatcherServlet'
2022-04-15 15:45:16.125  INFO 203061 --- [http-nio-8081-exec-2] o.s.web.servlet.DispatcherServlet        : Completed initialization in 1 ms
